c:\users\kanta yukawa\source\repos\c++shootingwithdxlib\debug\c++shootingwithdxlib.pch
c:\users\kanta yukawa\source\repos\c++shootingwithdxlib\debug\vc141.pdb
c:\users\kanta yukawa\source\repos\c++shootingwithdxlib\debug\vc141.idb
c:\users\kanta yukawa\source\repos\c++shootingwithdxlib\debug\stdafx.obj
c:\users\kanta yukawa\source\repos\c++shootingwithdxlib\debug\vector2d.obj
c:\users\kanta yukawa\source\repos\c++shootingwithdxlib\debug\unitadmin.obj
c:\users\kanta yukawa\source\repos\c++shootingwithdxlib\debug\playableobject.obj
c:\users\kanta yukawa\source\repos\c++shootingwithdxlib\debug\main.obj
c:\users\kanta yukawa\source\repos\c++shootingwithdxlib\debug\itembase.obj
c:\users\kanta yukawa\source\repos\c++shootingwithdxlib\debug\hprecoverobject.obj
c:\users\kanta yukawa\source\repos\c++shootingwithdxlib\debug\gameobject.obj
c:\users\kanta yukawa\source\repos\c++shootingwithdxlib\debug\enemyobject.obj
c:\users\kanta yukawa\source\repos\c++shootingwithdxlib\debug\characterobject.obj
c:\users\kanta yukawa\source\repos\c++shootingwithdxlib\debug\cannonobject.obj
c:\users\kanta yukawa\source\repos\c++shootingwithdxlib\debug\bossobject.obj
c:\users\kanta yukawa\source\repos\c++shootingwithdxlib\debug\barrierobject.obj
c:\users\kanta yukawa\source\repos\c++shootingwithdxlib\debug\ammo.obj
c:\users\kanta yukawa\source\repos\c++shootingwithdxlib\debug\c++shootingwithdxlib.obj
c:\users\kanta yukawa\source\repos\c++shootingwithdxlib\debug\c++shootingwithdxlib.exe
c:\users\kanta yukawa\source\repos\c++shootingwithdxlib\debug\c++shootingwithdxlib.ilk
c:\users\kanta yukawa\source\repos\c++shootingwithdxlib\debug\c++shootingwithdxlib.pdb
c:\users\kanta yukawa\source\repos\c++shootingwithdxlib\debug\c++shootingwithdxlib.res
c:\users\kanta yukawa\source\repos\c++shootingwithdxlib\debug\c++shoot.759515f4.tlog\cl.command.1.tlog
c:\users\kanta yukawa\source\repos\c++shootingwithdxlib\debug\c++shoot.759515f4.tlog\cl.read.1.tlog
c:\users\kanta yukawa\source\repos\c++shootingwithdxlib\debug\c++shoot.759515f4.tlog\cl.write.1.tlog
c:\users\kanta yukawa\source\repos\c++shootingwithdxlib\debug\c++shoot.759515f4.tlog\link.command.1.tlog
c:\users\kanta yukawa\source\repos\c++shootingwithdxlib\debug\c++shoot.759515f4.tlog\link.read.1.tlog
c:\users\kanta yukawa\source\repos\c++shootingwithdxlib\debug\c++shoot.759515f4.tlog\link.write.1.tlog
c:\users\kanta yukawa\source\repos\c++shootingwithdxlib\debug\c++shoot.759515f4.tlog\rc.command.1.tlog
c:\users\kanta yukawa\source\repos\c++shootingwithdxlib\debug\c++shoot.759515f4.tlog\rc.read.1.tlog
c:\users\kanta yukawa\source\repos\c++shootingwithdxlib\debug\c++shoot.759515f4.tlog\rc.write.1.tlog
