  stdafx.cpp
  C++ShootingWithDxLib.cpp
  Matrix23.cpp
  Ammo.cpp
  BarrierObject.cpp
c:\users\kanta yukawa\source\repos\c++shootingwithdxlib\src\barrierobject.cpp(75): warning C4804: '<': 演算中の 'bool' 型の使用方法が安全ではありません
c:\users\kanta yukawa\source\repos\c++shootingwithdxlib\src\barrierobject.cpp(84): warning C4804: '>=': 演算中の 'bool' 型の使用方法が安全ではありません
  BossObject.cpp
  CannonObject.cpp
  CharacterObject.cpp
c:\users\kanta yukawa\source\repos\c++shootingwithdxlib\src\characterobject.cpp(34): warning C4244: '引数': 'double' から 'int' への変換です。データが失われる可能性があります。
c:\users\kanta yukawa\source\repos\c++shootingwithdxlib\src\characterobject.cpp(60): warning C4244: '引数': 'double' から 'int' への変換です。データが失われる可能性があります。
c:\users\kanta yukawa\source\repos\c++shootingwithdxlib\src\characterobject.cpp(61): warning C4244: '引数': 'double' から 'int' への変換です。データが失われる可能性があります。
  EnemyObject.cpp
c:\users\kanta yukawa\source\repos\c++shootingwithdxlib\src\include\enemyobject.h(9): warning C4091: 'typedef ': 変数が何も宣言されていないときは、'EnemyType' の左辺を無視します。
c:\users\kanta yukawa\source\repos\c++shootingwithdxlib\src\enemyobject.cpp(104): warning C4244: '引数': 'double' から 'int' への変換です。データが失われる可能性があります。
  GameObject.cpp
c:\users\kanta yukawa\source\repos\c++shootingwithdxlib\src\gameobject.cpp(20): warning C4244: '引数': 'double' から 'int' への変換です。データが失われる可能性があります。
  HPRecoverObject.cpp
  ItemBase.cpp
c:\users\kanta yukawa\source\repos\c++shootingwithdxlib\src\itembase.cpp(34): warning C4244: '引数': 'double' から 'int' への変換です。データが失われる可能性があります。
  main.cpp
  PlayableObject.cpp
c:\users\kanta yukawa\source\repos\c++shootingwithdxlib\src\playableobject.cpp(93): warning C4244: '引数': 'double' から 'int' への変換です。データが失われる可能性があります。
c:\users\kanta yukawa\source\repos\c++shootingwithdxlib\src\playableobject.cpp(102): warning C4244: '引数': 'double' から 'int' への変換です。データが失われる可能性があります。
  UnitAdmin.cpp
c:\users\kanta yukawa\source\repos\c++shootingwithdxlib\src\include\enemyobject.h(9): warning C4091: 'typedef ': 変数が何も宣言されていないときは、'EnemyType' の左辺を無視します。
c:\users\kanta yukawa\source\repos\c++shootingwithdxlib\src\unitadmin.cpp(128): warning C4244: '引数': 'const double' から 'int' への変換です。データが失われる可能性があります。
c:\users\kanta yukawa\source\repos\c++shootingwithdxlib\src\unitadmin.cpp(144): warning C4244: '引数': 'const double' から 'int' への変換です。データが失われる可能性があります。
c:\users\kanta yukawa\source\repos\c++shootingwithdxlib\src\unitadmin.cpp(149): warning C4244: '引数': 'const double' から 'int' への変換です。データが失われる可能性があります。
c:\users\kanta yukawa\source\repos\c++shootingwithdxlib\src\unitadmin.cpp(191): warning C4244: '初期化中': 'double' から 'int' への変換です。データが失われる可能性があります。
c:\users\kanta yukawa\source\repos\c++shootingwithdxlib\src\unitadmin.cpp(192): warning C4244: '初期化中': 'double' から 'int' への変換です。データが失われる可能性があります。
c:\users\kanta yukawa\source\repos\c++shootingwithdxlib\src\unitadmin.cpp(195): warning C4244: '初期化中': 'double' から 'int' への変換です。データが失われる可能性があります。
c:\users\kanta yukawa\source\repos\c++shootingwithdxlib\src\unitadmin.cpp(196): warning C4244: '初期化中': 'double' から 'int' への変換です。データが失われる可能性があります。
c:\users\kanta yukawa\source\repos\c++shootingwithdxlib\src\unitadmin.cpp(250): warning C4244: '初期化中': 'double' から 'int' への変換です。データが失われる可能性があります。
c:\users\kanta yukawa\source\repos\c++shootingwithdxlib\src\unitadmin.cpp(251): warning C4244: '初期化中': 'double' から 'int' への変換です。データが失われる可能性があります。
c:\users\kanta yukawa\source\repos\c++shootingwithdxlib\src\unitadmin.cpp(254): warning C4244: '初期化中': 'double' から 'int' への変換です。データが失われる可能性があります。
c:\users\kanta yukawa\source\repos\c++shootingwithdxlib\src\unitadmin.cpp(255): warning C4244: '初期化中': 'double' から 'int' への変換です。データが失われる可能性があります。
c:\users\kanta yukawa\source\repos\c++shootingwithdxlib\src\unitadmin.cpp(291): warning C4244: '初期化中': 'double' から 'int' への変換です。データが失われる可能性があります。
c:\users\kanta yukawa\source\repos\c++shootingwithdxlib\src\unitadmin.cpp(292): warning C4244: '初期化中': 'double' から 'int' への変換です。データが失われる可能性があります。
c:\users\kanta yukawa\source\repos\c++shootingwithdxlib\src\unitadmin.cpp(298): warning C4244: '=': 'double' から 'int' への変換です。データが失われる可能性があります。
c:\users\kanta yukawa\source\repos\c++shootingwithdxlib\src\unitadmin.cpp(304): warning C4244: '=': 'double' から 'int' への変換です。データが失われる可能性があります。
  Vector2D.cpp
  コードを生成中...
LINK : warning LNK4067: エントリ ポイントがあいまいです。'WinMainCRTStartup' が選択されます。
  C++ShootingWithDxLib.vcxproj -> C:\Users\Kanta yukawa\source\repos\C++ShootingWithDxLib\Debug\C++ShootingWithDxLib.exe
